{"/home/asim/Desktop/code/category/src/middlewares/ErrorHandler.ts": {"path":"/home/asim/Desktop/code/category/src/middlewares/ErrorHandler.ts","statementMap":{"0":{"start":{"line":9,"column":4},"end":{"line":9,"column":19}},"1":{"start":{"line":10,"column":4},"end":{"line":10,"column":33}},"2":{"start":{"line":11,"column":4},"end":{"line":11,"column":30}},"3":{"start":{"line":13,"column":4},"end":{"line":13,"column":52}},"4":{"start":{"line":55,"column":23},"end":{"line":55,"column":31}},"5":{"start":{"line":21,"column":4},"end":{"line":21,"column":35}},"6":{"start":{"line":22,"column":4},"end":{"line":22,"column":25}},"7":{"start":{"line":55,"column":33},"end":{"line":55,"column":48}},"8":{"start":{"line":27,"column":21},"end":{"line":52,"column":1}},"9":{"start":{"line":33,"column":2},"end":{"line":33,"column":31}},"10":{"start":{"line":36,"column":21},"end":{"line":36,"column":67}},"11":{"start":{"line":38,"column":4},"end":{"line":38,"column":74}},"12":{"start":{"line":41,"column":16},"end":{"line":48,"column":null}},"13":{"start":{"line":51,"column":2},"end":{"line":51,"column":40}},"14":{"start":{"line":55,"column":9},"end":{"line":55,"column":21}}},"fnMap":{"0":{"name":"(anonymous_0)","decl":{"start":{"line":8,"column":2},"end":{"line":8,"column":14}},"loc":{"start":{"line":8,"column":49},"end":{"line":14,"column":3}}},"1":{"name":"(anonymous_1)","decl":{"start":{"line":20,"column":2},"end":{"line":20,"column":14}},"loc":{"start":{"line":20,"column":30},"end":{"line":23,"column":3}}},"2":{"name":"(anonymous_2)","decl":{"start":{"line":27,"column":21},"end":{"line":27,"column":null}},"loc":{"start":{"line":32,"column":4},"end":{"line":52,"column":1}}}},"branchMap":{"0":{"loc":{"start":{"line":36,"column":21},"end":{"line":36,"column":67}},"type":"cond-expr","locations":[{"start":{"line":36,"column":47},"end":{"line":36,"column":61}},{"start":{"line":36,"column":64},"end":{"line":36,"column":67}}]},"1":{"loc":{"start":{"line":38,"column":4},"end":{"line":38,"column":74}},"type":"cond-expr","locations":[{"start":{"line":38,"column":30},"end":{"line":38,"column":41}},{"start":{"line":38,"column":44},"end":{"line":38,"column":74}}]},"2":{"loc":{"start":{"line":46,"column":8},"end":{"line":46,"column":64}},"type":"binary-expr","locations":[{"start":{"line":46,"column":8},"end":{"line":46,"column":38}},{"start":{"line":46,"column":42},"end":{"line":46,"column":64}}]},"3":{"loc":{"start":{"line":48,"column":11},"end":{"line":48,"column":73}},"type":"cond-expr","locations":[{"start":{"line":48,"column":52},"end":{"line":48,"column":61}},{"start":{"line":48,"column":64},"end":{"line":48,"column":73}}]}},"s":{"0":8,"1":8,"2":8,"3":8,"4":1,"5":0,"6":0,"7":1,"8":1,"9":0,"10":0,"11":0,"12":0,"13":0,"14":1},"f":{"0":8,"1":0,"2":0},"b":{"0":[0,0],"1":[0,0],"2":[0,0],"3":[0,0]}}
,"/home/asim/Desktop/code/category/src/modules/categories/category.controller.ts": {"path":"/home/asim/Desktop/code/category/src/modules/categories/category.controller.ts","statementMap":{"0":{"start":{"line":1,"column":0},"end":{"line":1,"column":44}},"1":{"start":{"line":2,"column":0},"end":{"line":2,"column":58}},"2":{"start":{"line":3,"column":0},"end":{"line":3,"column":42}},"3":{"start":{"line":4,"column":0},"end":{"line":4,"column":31}},"4":{"start":{"line":7,"column":30},"end":{"line":20,"column":2}},"5":{"start":{"line":7,"column":76},"end":{"line":20,"column":2}},"6":{"start":{"line":8,"column":22},"end":{"line":8,"column":65}},"7":{"start":{"line":10,"column":26},"end":{"line":12,"column":4}},"8":{"start":{"line":14,"column":19},"end":{"line":14,"column":20}},"9":{"start":{"line":15,"column":2},"end":{"line":17,"column":3}},"10":{"start":{"line":16,"column":4},"end":{"line":16,"column":49}},"11":{"start":{"line":19,"column":2},"end":{"line":19,"column":34}},"12":{"start":{"line":7,"column":13},"end":{"line":7,"column":30}},"13":{"start":{"line":22,"column":30},"end":{"line":35,"column":2}},"14":{"start":{"line":25,"column":23},"end":{"line":35,"column":2}},"15":{"start":{"line":26,"column":2},"end":{"line":34,"column":3}},"16":{"start":{"line":27,"column":21},"end":{"line":27,"column":62}},"17":{"start":{"line":28,"column":4},"end":{"line":28,"column":20}},"18":{"start":{"line":30,"column":4},"end":{"line":33,"column":6}},"19":{"start":{"line":22,"column":13},"end":{"line":22,"column":30}},"20":{"start":{"line":37,"column":29},"end":{"line":56,"column":2}},"21":{"start":{"line":37,"column":61},"end":{"line":56,"column":2}},"22":{"start":{"line":38,"column":2},"end":{"line":55,"column":3}},"23":{"start":{"line":39,"column":23},"end":{"line":47,"column":6}},"24":{"start":{"line":49,"column":4},"end":{"line":49,"column":22}},"25":{"start":{"line":51,"column":4},"end":{"line":54,"column":6}},"26":{"start":{"line":37,"column":13},"end":{"line":37,"column":29}},"27":{"start":{"line":58,"column":31},"end":{"line":73,"column":2}},"28":{"start":{"line":58,"column":71},"end":{"line":73,"column":2}},"29":{"start":{"line":59,"column":2},"end":{"line":72,"column":3}},"30":{"start":{"line":60,"column":21},"end":{"line":62,"column":6}},"31":{"start":{"line":63,"column":4},"end":{"line":65,"column":5}},"32":{"start":{"line":64,"column":6},"end":{"line":64,"column":52}},"33":{"start":{"line":66,"column":4},"end":{"line":66,"column":20}},"34":{"start":{"line":68,"column":4},"end":{"line":71,"column":6}},"35":{"start":{"line":58,"column":13},"end":{"line":58,"column":31}},"36":{"start":{"line":75,"column":30},"end":{"line":97,"column":2}},"37":{"start":{"line":79,"column":23},"end":{"line":97,"column":2}},"38":{"start":{"line":80,"column":2},"end":{"line":96,"column":3}},"39":{"start":{"line":81,"column":21},"end":{"line":81,"column":48}},"40":{"start":{"line":82,"column":4},"end":{"line":90,"column":5}},"41":{"start":{"line":83,"column":6},"end":{"line":83,"column":27}},"42":{"start":{"line":84,"column":6},"end":{"line":84,"column":35}},"43":{"start":{"line":85,"column":6},"end":{"line":85,"column":28}},"44":{"start":{"line":87,"column":6},"end":{"line":87,"column":22}},"45":{"start":{"line":89,"column":6},"end":{"line":89,"column":52}},"46":{"start":{"line":92,"column":4},"end":{"line":95,"column":6}},"47":{"start":{"line":75,"column":13},"end":{"line":75,"column":30}},"48":{"start":{"line":99,"column":30},"end":{"line":126,"column":2}},"49":{"start":{"line":101,"column":34},"end":{"line":126,"column":2}},"50":{"start":{"line":102,"column":2},"end":{"line":125,"column":3}},"51":{"start":{"line":103,"column":21},"end":{"line":103,"column":48}},"52":{"start":{"line":104,"column":4},"end":{"line":119,"column":5}},"53":{"start":{"line":105,"column":6},"end":{"line":105,"column":56}},"54":{"start":{"line":107,"column":30},"end":{"line":109,"column":8}},"55":{"start":{"line":110,"column":6},"end":{"line":112,"column":7}},"56":{"start":{"line":111,"column":8},"end":{"line":111,"column":39}},"57":{"start":{"line":114,"column":6},"end":{"line":114,"column":31}},"58":{"start":{"line":116,"column":6},"end":{"line":116,"column":58}},"59":{"start":{"line":118,"column":6},"end":{"line":118,"column":52}},"60":{"start":{"line":121,"column":4},"end":{"line":124,"column":6}},"61":{"start":{"line":99,"column":13},"end":{"line":99,"column":30}},"62":{"start":{"line":128,"column":32},"end":{"line":153,"column":2}},"63":{"start":{"line":128,"column":64},"end":{"line":153,"column":2}},"64":{"start":{"line":129,"column":2},"end":{"line":152,"column":3}},"65":{"start":{"line":130,"column":26},"end":{"line":132,"column":6}},"66":{"start":{"line":134,"column":32},"end":{"line":138,"column":null}},"67":{"start":{"line":135,"column":43},"end":{"line":138,"column":8}},"68":{"start":{"line":136,"column":22},"end":{"line":136,"column":55}},"69":{"start":{"line":137,"column":8},"end":{"line":137,"column":35}},"70":{"start":{"line":141,"column":35},"end":{"line":144,"column":38}},"71":{"start":{"line":142,"column":22},"end":{"line":142,"column":39}},"72":{"start":{"line":144,"column":29},"end":{"line":144,"column":37}},"73":{"start":{"line":146,"column":4},"end":{"line":146,"column":34}},"74":{"start":{"line":148,"column":4},"end":{"line":151,"column":6}},"75":{"start":{"line":128,"column":13},"end":{"line":128,"column":32}}},"fnMap":{"0":{"name":"(anonymous_7)","decl":{"start":{"line":7,"column":30},"end":{"line":7,"column":37}},"loc":{"start":{"line":7,"column":76},"end":{"line":20,"column":2}}},"1":{"name":"(anonymous_8)","decl":{"start":{"line":7,"column":76},"end":{"line":7,"column":null}},"loc":{"start":{"line":7,"column":76},"end":{"line":20,"column":1}}},"2":{"name":"(anonymous_9)","decl":{"start":{"line":22,"column":30},"end":{"line":22,"column":null}},"loc":{"start":{"line":25,"column":23},"end":{"line":35,"column":2}}},"3":{"name":"(anonymous_10)","decl":{"start":{"line":25,"column":23},"end":{"line":25,"column":null}},"loc":{"start":{"line":25,"column":23},"end":{"line":35,"column":1}}},"4":{"name":"(anonymous_11)","decl":{"start":{"line":37,"column":29},"end":{"line":37,"column":59}},"loc":{"start":{"line":37,"column":61},"end":{"line":56,"column":2}}},"5":{"name":"(anonymous_12)","decl":{"start":{"line":37,"column":61},"end":{"line":37,"column":null}},"loc":{"start":{"line":37,"column":61},"end":{"line":56,"column":1}}},"6":{"name":"(anonymous_13)","decl":{"start":{"line":58,"column":31},"end":{"line":58,"column":38}},"loc":{"start":{"line":58,"column":71},"end":{"line":73,"column":2}}},"7":{"name":"(anonymous_14)","decl":{"start":{"line":58,"column":71},"end":{"line":58,"column":null}},"loc":{"start":{"line":58,"column":71},"end":{"line":73,"column":1}}},"8":{"name":"(anonymous_15)","decl":{"start":{"line":75,"column":30},"end":{"line":75,"column":null}},"loc":{"start":{"line":79,"column":23},"end":{"line":97,"column":2}}},"9":{"name":"(anonymous_16)","decl":{"start":{"line":79,"column":23},"end":{"line":79,"column":null}},"loc":{"start":{"line":79,"column":23},"end":{"line":97,"column":1}}},"10":{"name":"(anonymous_17)","decl":{"start":{"line":99,"column":30},"end":{"line":99,"column":null}},"loc":{"start":{"line":101,"column":34},"end":{"line":126,"column":2}}},"11":{"name":"(anonymous_18)","decl":{"start":{"line":101,"column":34},"end":{"line":101,"column":null}},"loc":{"start":{"line":101,"column":34},"end":{"line":126,"column":1}}},"12":{"name":"(anonymous_19)","decl":{"start":{"line":128,"column":32},"end":{"line":128,"column":62}},"loc":{"start":{"line":128,"column":64},"end":{"line":153,"column":2}}},"13":{"name":"(anonymous_20)","decl":{"start":{"line":128,"column":64},"end":{"line":128,"column":null}},"loc":{"start":{"line":128,"column":64},"end":{"line":153,"column":1}}},"14":{"name":"(anonymous_21)","decl":{"start":{"line":135,"column":24},"end":{"line":135,"column":31}},"loc":{"start":{"line":135,"column":43},"end":{"line":138,"column":8}}},"15":{"name":"(anonymous_22)","decl":{"start":{"line":135,"column":43},"end":{"line":135,"column":null}},"loc":{"start":{"line":135,"column":43},"end":{"line":138,"column":7}}},"16":{"name":"(anonymous_23)","decl":{"start":{"line":142,"column":12},"end":{"line":142,"column":13}},"loc":{"start":{"line":142,"column":22},"end":{"line":142,"column":39}}},"17":{"name":"(anonymous_24)","decl":{"start":{"line":144,"column":11},"end":{"line":144,"column":12}},"loc":{"start":{"line":144,"column":29},"end":{"line":144,"column":37}}}},"branchMap":{"0":{"loc":{"start":{"line":63,"column":4},"end":{"line":65,"column":5}},"type":"if","locations":[{"start":{"line":63,"column":4},"end":{"line":65,"column":5}}]},"1":{"loc":{"start":{"line":82,"column":4},"end":{"line":90,"column":5}},"type":"if","locations":[{"start":{"line":82,"column":4},"end":{"line":90,"column":5}},{"start":{"line":88,"column":11},"end":{"line":90,"column":5}}]},"2":{"loc":{"start":{"line":104,"column":4},"end":{"line":119,"column":5}},"type":"if","locations":[{"start":{"line":104,"column":4},"end":{"line":119,"column":5}},{"start":{"line":117,"column":11},"end":{"line":119,"column":5}}]}},"s":{"0":1,"1":1,"2":1,"3":1,"4":1,"5":0,"6":0,"7":0,"8":0,"9":0,"10":0,"11":0,"12":1,"13":1,"14":2,"15":2,"16":2,"17":1,"18":1,"19":1,"20":1,"21":2,"22":2,"23":2,"24":1,"25":1,"26":1,"27":1,"28":2,"29":2,"30":2,"31":2,"32":1,"33":1,"34":1,"35":1,"36":1,"37":2,"38":2,"39":2,"40":2,"41":1,"42":1,"43":1,"44":1,"45":1,"46":1,"47":1,"48":1,"49":3,"50":3,"51":3,"52":3,"53":2,"54":2,"55":2,"56":1,"57":2,"58":2,"59":1,"60":1,"61":1,"62":1,"63":0,"64":0,"65":0,"66":0,"67":0,"68":0,"69":0,"70":0,"71":0,"72":0,"73":0,"74":0,"75":1},"f":{"0":0,"1":0,"2":2,"3":2,"4":2,"5":2,"6":2,"7":2,"8":2,"9":2,"10":3,"11":3,"12":0,"13":0,"14":0,"15":0,"16":0,"17":0},"b":{"0":[1],"1":[1,1],"2":[2,1]}}
,"/home/asim/Desktop/code/category/src/modules/categories/category.model.ts": {"path":"/home/asim/Desktop/code/category/src/modules/categories/category.model.ts","statementMap":{"0":{"start":{"line":1,"column":0},"end":{"line":1,"column":55}},"1":{"start":{"line":2,"column":0},"end":{"line":2,"column":47}},"2":{"start":{"line":28,"column":4},"end":{"line":30,"column":5}},"3":{"start":{"line":29,"column":6},"end":{"line":29,"column":62}},"4":{"start":{"line":72,"column":9},"end":{"line":72,"column":17}},"5":{"start":{"line":34,"column":0},"end":{"line":70,"column":2}},"6":{"start":{"line":66,"column":34},"end":{"line":66,"column":68}},"7":{"start":{"line":67,"column":34},"end":{"line":67,"column":68}}},"fnMap":{"0":{"name":"(anonymous_0)","decl":{"start":{"line":27,"column":9},"end":{"line":27,"column":15}},"loc":{"start":{"line":27,"column":51},"end":{"line":31,"column":3}}},"1":{"name":"(anonymous_1)","decl":{"start":{"line":66,"column":20},"end":{"line":66,"column":21}},"loc":{"start":{"line":66,"column":34},"end":{"line":66,"column":68}}},"2":{"name":"(anonymous_2)","decl":{"start":{"line":67,"column":20},"end":{"line":67,"column":21}},"loc":{"start":{"line":67,"column":34},"end":{"line":67,"column":68}}}},"branchMap":{"0":{"loc":{"start":{"line":28,"column":4},"end":{"line":30,"column":5}},"type":"if","locations":[{"start":{"line":28,"column":4},"end":{"line":30,"column":5}}]}},"s":{"0":1,"1":1,"2":0,"3":0,"4":1,"5":1,"6":0,"7":0},"f":{"0":0,"1":0,"2":0},"b":{"0":[0]}}
,"/home/asim/Desktop/code/category/src/modules/vote/vote.model.ts": {"path":"/home/asim/Desktop/code/category/src/modules/vote/vote.model.ts","statementMap":{"0":{"start":{"line":1,"column":0},"end":{"line":1,"column":55}},"1":{"start":{"line":2,"column":0},"end":{"line":2,"column":47}},"2":{"start":{"line":62,"column":9},"end":{"line":62,"column":13}},"3":{"start":{"line":24,"column":0},"end":{"line":60,"column":2}}},"fnMap":{},"branchMap":{},"s":{"0":1,"1":1,"2":1,"3":1},"f":{},"b":{}}
}
