TN:
SF:src/middlewares/ErrorHandler.ts
FN:8,(anonymous_0)
FN:20,(anonymous_1)
FN:27,(anonymous_2)
FNF:3
FNH:1
FNDA:8,(anonymous_0)
FNDA:0,(anonymous_1)
FNDA:0,(anonymous_2)
DA:9,8
DA:10,8
DA:11,8
DA:13,8
DA:21,0
DA:22,0
DA:27,1
DA:33,0
DA:36,0
DA:38,0
DA:41,0
DA:51,0
DA:55,1
LF:13
LH:6
BRDA:36,0,0,0
BRDA:36,0,1,0
BRDA:38,1,0,0
BRDA:38,1,1,0
BRDA:46,2,0,0
BRDA:46,2,1,0
BRDA:48,3,0,0
BRDA:48,3,1,0
BRF:8
BRH:0
end_of_record
TN:
SF:src/modules/categories/category.controller.ts
FN:7,(anonymous_7)
FN:7,(anonymous_8)
FN:22,(anonymous_9)
FN:25,(anonymous_10)
FN:37,(anonymous_11)
FN:37,(anonymous_12)
FN:58,(anonymous_13)
FN:58,(anonymous_14)
FN:75,(anonymous_15)
FN:79,(anonymous_16)
FN:99,(anonymous_17)
FN:101,(anonymous_18)
FN:128,(anonymous_19)
FN:128,(anonymous_20)
FN:135,(anonymous_21)
FN:135,(anonymous_22)
FN:142,(anonymous_23)
FN:144,(anonymous_24)
FNF:18
FNH:10
FNDA:0,(anonymous_7)
FNDA:0,(anonymous_8)
FNDA:2,(anonymous_9)
FNDA:2,(anonymous_10)
FNDA:2,(anonymous_11)
FNDA:2,(anonymous_12)
FNDA:2,(anonymous_13)
FNDA:2,(anonymous_14)
FNDA:2,(anonymous_15)
FNDA:2,(anonymous_16)
FNDA:3,(anonymous_17)
FNDA:3,(anonymous_18)
FNDA:0,(anonymous_19)
FNDA:0,(anonymous_20)
FNDA:0,(anonymous_21)
FNDA:0,(anonymous_22)
FNDA:0,(anonymous_23)
FNDA:0,(anonymous_24)
DA:1,1
DA:2,1
DA:3,1
DA:4,1
DA:7,1
DA:8,0
DA:10,0
DA:14,0
DA:15,0
DA:16,0
DA:19,0
DA:22,1
DA:25,2
DA:26,2
DA:27,2
DA:28,1
DA:30,1
DA:37,2
DA:38,2
DA:39,2
DA:49,1
DA:51,1
DA:58,2
DA:59,2
DA:60,2
DA:63,2
DA:64,1
DA:66,1
DA:68,1
DA:75,1
DA:79,2
DA:80,2
DA:81,2
DA:82,2
DA:83,1
DA:84,1
DA:85,1
DA:87,1
DA:89,1
DA:92,1
DA:99,1
DA:101,3
DA:102,3
DA:103,3
DA:104,3
DA:105,2
DA:107,2
DA:110,2
DA:111,1
DA:114,2
DA:116,2
DA:118,1
DA:121,1
DA:128,1
DA:129,0
DA:130,0
DA:134,0
DA:135,0
DA:136,0
DA:137,0
DA:141,0
DA:142,0
DA:144,0
DA:146,0
DA:148,0
LF:65
LH:48
BRDA:63,0,0,1
BRDA:82,1,0,1
BRDA:82,1,1,1
BRDA:104,2,0,2
BRDA:104,2,1,1
BRF:5
BRH:5
end_of_record
TN:
SF:src/modules/categories/category.model.ts
FN:27,(anonymous_0)
FN:66,(anonymous_1)
FN:67,(anonymous_2)
FNF:3
FNH:0
FNDA:0,(anonymous_0)
FNDA:0,(anonymous_1)
FNDA:0,(anonymous_2)
DA:1,1
DA:2,1
DA:28,0
DA:29,0
DA:34,1
DA:66,0
DA:67,0
DA:72,1
LF:8
LH:4
BRDA:28,0,0,0
BRF:1
BRH:0
end_of_record
TN:
SF:src/modules/vote/vote.model.ts
FNF:0
FNH:0
DA:1,1
DA:2,1
DA:24,1
DA:62,1
LF:4
LH:4
BRF:0
BRH:0
end_of_record
